2025-06-26 06:30:37,610 - INFO - 1. TEFAS fiyat indiriliyor basliyor...
2025-06-26 06:30:49,649 - INFO - 1. TEFAS fiyat indiriliyor tamamlandi.
2025-06-26 06:30:49,649 - INFO - 2. HTML dosyalari uretiliyor basliyor...
2025-06-26 06:30:50,981 - INFO - 2. HTML dosyalari uretiliyor tamamlandi.
2025-06-26 06:30:50,981 - INFO - 3. GitHub'a yukleniyor basliyor...
2025-06-26 06:30:55,055 - INFO - 3. GitHub'a yukleniyor tamamlandi.
2025-06-26 06:35:29,024 - INFO - 1. TEFAS fiyat indiriliyor basliyor...
2025-06-26 06:35:32,743 - INFO - 1. TEFAS fiyat indiriliyor tamamlandi.
2025-06-26 06:35:32,743 - INFO - 2. HTML dosyalari uretiliyor basliyor...
2025-06-26 06:35:34,328 - INFO - 2. HTML dosyalari uretiliyor tamamlandi.
2025-06-26 06:35:34,328 - INFO - 3. GitHub'a yukleniyor basliyor...
2025-06-26 06:35:38,117 - INFO - 3. GitHub'a yukleniyor tamamlandi.
2025-06-26 22:12:31,107 - INFO - 1. TEFAS fiyat indiriliyor basliyor...
2025-06-26 22:12:33,561 - ERROR - 1. TEFAS fiyat indiriliyor sirasinda hata: Traceback (most recent call last):
  File "C:\Users\yahya\Documents\fund_price_upload\tefas_fiyat_indir_pp_uyumlu_final_guncel.py", line 22, in <module>
    print(f"---\n{fon_kodu} için i\u015flem ba\u015flat\u0131l\u0131yor...")
  File "C:\Program Files\WindowsApps\PythonSoftwareFoundation.Python.3.10_3.10.3056.0_x64__qbz5n2kfra8p0\lib\encodings\cp1252.py", line 19, in encode
    return codecs.charmap_encode(input,self.errors,encoding_table)[0]
UnicodeEncodeError: 'charmap' codec can't encode character '\u015f' in position 15: character maps to <undefined>

2025-06-26 22:14:13,832 - INFO - 1. TEFAS fiyat indiriliyor basliyor...
2025-06-26 22:14:17,431 - INFO - 1. TEFAS fiyat indiriliyor tamamlandi.
2025-06-26 22:14:17,433 - INFO - 2. HTML dosyalari uretiliyor basliyor...
2025-06-26 22:14:19,081 - INFO - 2. HTML dosyalari uretiliyor tamamlandi.
2025-06-26 22:14:19,081 - INFO - 3. GitHub'a yukleniyor basliyor...
2025-06-26 22:14:23,644 - INFO - 3. GitHub'a yukleniyor tamamlandi.
2025-06-26 22:24:52,850 - INFO - 1. TEFAS fiyat indiriliyor basliyor...
2025-06-26 22:24:54,610 - INFO - 1. TEFAS fiyat indiriliyor tamamlandi.
2025-06-26 22:24:54,610 - INFO - 2. HTML dosyalari uretiliyor basliyor...
2025-06-26 22:24:56,238 - INFO - 2. HTML dosyalari uretiliyor tamamlandi.
2025-06-26 22:24:56,238 - INFO - 3. GitHub'a yukleniyor basliyor...
2025-06-26 22:24:59,462 - INFO - 3. GitHub'a yukleniyor tamamlandi.
2025-06-26 22:25:46,904 - INFO - 1. TEFAS fiyat indiriliyor basliyor...
2025-06-26 22:25:48,234 - INFO - 1. TEFAS fiyat indiriliyor tamamlandi.
2025-06-26 22:25:48,234 - INFO - 2. HTML dosyalari uretiliyor basliyor...
2025-06-26 22:25:49,913 - INFO - 2. HTML dosyalari uretiliyor tamamlandi.
2025-06-26 22:25:49,913 - INFO - 3. GitHub'a yukleniyor basliyor...
2025-06-26 22:25:53,416 - INFO - 3. GitHub'a yukleniyor tamamlandi.
2025-06-26 22:28:26,673 - INFO - 1. TEFAS fiyat indiriliyor basliyor...
2025-06-26 22:28:37,390 - INFO - 1. TEFAS fiyat indiriliyor tamamlandi.
2025-06-26 22:28:37,392 - INFO - 2. HTML dosyalari uretiliyor basliyor...
2025-06-26 22:28:40,030 - INFO - 2. HTML dosyalari uretiliyor tamamlandi.
2025-06-26 22:28:40,032 - INFO - 3. GitHub'a yukleniyor basliyor...
2025-06-26 22:28:45,321 - INFO - 3. GitHub'a yukleniyor tamamlandi.
2025-06-26 22:29:07,574 - INFO - 1. TEFAS fiyat indiriliyor basliyor...
2025-06-26 22:29:09,063 - INFO - 1. TEFAS fiyat indiriliyor tamamlandi.
2025-06-26 22:29:09,063 - INFO - 2. HTML dosyalari uretiliyor basliyor...
2025-06-26 22:29:11,512 - INFO - 2. HTML dosyalari uretiliyor tamamlandi.
2025-06-26 22:29:11,513 - INFO - 3. GitHub'a yukleniyor basliyor...
2025-06-26 22:29:14,961 - INFO - 3. GitHub'a yukleniyor tamamlandi.
