2025-06-09 21:15:24,006 - INFO - 1. TEFAS fiyat indiriliyor basliyor...
2025-06-09 21:15:24,094 - ERROR - 1. TEFAS fiyat indiriliyor sirasinda hata: python: can't open file 'C:\\Users\\yahya\\Documents\\fund_price_upload\\tefas_fiyat_indir_pp_uyumlu_final.py': [Errno 2] No such file or directory

2025-06-09 21:16:06,585 - INFO - 1. TEFAS fiyat indiriliyor basliyor...
2025-06-09 21:18:32,800 - INFO - 1. TEFAS fiyat indiriliyor tamamlandi.
2025-06-09 21:18:32,808 - INFO - 2. HTML dosyalari uretiliyor basliyor...
2025-06-09 21:18:32,894 - ERROR - 2. HTML dosyalari uretiliyor sirasinda hata: python: can't open file 'C:\\Users\\yahya\\Documents\\fund_price_upload\\convert_to_html.py': [Errno 2] No such file or directory

2025-06-09 21:19:14,864 - INFO - 1. TEFAS fiyat indiriliyor basliyor...
2025-06-09 21:19:18,593 - INFO - 1. TEFAS fiyat indiriliyor tamamlandi.
2025-06-09 21:19:18,593 - INFO - 2. HTML dosyalari uretiliyor basliyor...
2025-06-09 21:19:19,850 - INFO - 2. HTML dosyalari uretiliyor tamamlandi.
2025-06-09 21:19:19,850 - INFO - 3. GitHub'a yukleniyor basliyor...
2025-06-09 21:19:19,919 - ERROR - 3. GitHub'a yukleniyor sirasinda hata: python: can't open file 'C:\\Users\\yahya\\Documents\\fund_price_upload\\html_yayinlarini_yukle_final.py': [Errno 2] No such file or directory

2025-06-09 21:20:08,692 - INFO - 1. TEFAS fiyat indiriliyor basliyor...
2025-06-09 21:22:35,890 - INFO - 1. TEFAS fiyat indiriliyor tamamlandi.
2025-06-09 21:22:35,901 - INFO - 2. HTML dosyalari uretiliyor basliyor...
2025-06-09 21:22:37,203 - INFO - 2. HTML dosyalari uretiliyor tamamlandi.
2025-06-09 21:22:37,203 - INFO - 3. GitHub'a yukleniyor basliyor...
2025-06-09 21:22:39,716 - INFO - 3. GitHub'a yukleniyor tamamlandi.
2025-06-09 21:23:58,859 - INFO - 1. TEFAS fiyat indiriliyor basliyor...
2025-06-09 21:25:22,715 - INFO - 1. TEFAS fiyat indiriliyor tamamlandi.
2025-06-09 21:25:22,725 - INFO - 2. HTML dosyalari uretiliyor basliyor...
2025-06-09 21:25:24,056 - INFO - 2. HTML dosyalari uretiliyor tamamlandi.
2025-06-09 21:25:24,056 - INFO - 3. GitHub'a yukleniyor basliyor...
2025-06-09 21:25:27,082 - INFO - 3. GitHub'a yukleniyor tamamlandi.
2025-06-09 22:07:32,956 - INFO - 1. TEFAS fiyat indiriliyor basliyor...
2025-06-09 22:10:05,640 - INFO - 1. TEFAS fiyat indiriliyor tamamlandi.
2025-06-09 22:10:05,650 - INFO - 2. HTML dosyalari uretiliyor basliyor...
2025-06-09 22:10:07,309 - INFO - 2. HTML dosyalari uretiliyor tamamlandi.
2025-06-09 22:10:07,309 - INFO - 3. GitHub'a yukleniyor basliyor...
2025-06-09 22:10:10,214 - INFO - 3. GitHub'a yukleniyor tamamlandi.
2025-06-09 22:26:32,179 - INFO - 1. TEFAS fiyat indiriliyor basliyor...
2025-06-09 22:29:16,109 - INFO - 1. TEFAS fiyat indiriliyor tamamlandi.
2025-06-09 22:29:16,127 - INFO - 2. HTML dosyalari uretiliyor basliyor...
2025-06-09 22:29:17,832 - INFO - 2. HTML dosyalari uretiliyor tamamlandi.
2025-06-09 22:29:17,833 - INFO - 3. GitHub'a yukleniyor basliyor...
2025-06-09 22:29:20,632 - INFO - 3. GitHub'a yukleniyor tamamlandi.
2025-06-09 22:36:32,964 - INFO - 1. TEFAS fiyat indiriliyor basliyor...
2025-06-09 22:39:36,215 - INFO - 1. TEFAS fiyat indiriliyor tamamlandi.
2025-06-09 22:39:36,226 - INFO - 2. HTML dosyalari uretiliyor basliyor...
2025-06-09 22:39:37,923 - INFO - 2. HTML dosyalari uretiliyor tamamlandi.
2025-06-09 22:39:37,923 - INFO - 3. GitHub'a yukleniyor basliyor...
2025-06-09 22:39:40,718 - INFO - 3. GitHub'a yukleniyor tamamlandi.
2025-06-09 22:43:32,389 - INFO - 1. TEFAS fiyat indiriliyor basliyor...
2025-06-09 22:47:17,274 - INFO - 1. TEFAS fiyat indiriliyor tamamlandi.
2025-06-09 22:47:17,290 - INFO - 2. HTML dosyalari uretiliyor basliyor...
2025-06-09 22:47:19,162 - INFO - 2. HTML dosyalari uretiliyor tamamlandi.
2025-06-09 22:47:19,162 - INFO - 3. GitHub'a yukleniyor basliyor...
2025-06-09 22:47:22,177 - INFO - 3. GitHub'a yukleniyor tamamlandi.
2025-06-09 23:42:45,902 - INFO - 1. TEFAS fiyat indiriliyor basliyor...
2025-06-09 23:46:31,586 - INFO - 1. TEFAS fiyat indiriliyor tamamlandi.
2025-06-09 23:46:31,605 - INFO - 2. HTML dosyalari uretiliyor basliyor...
2025-06-09 23:46:33,284 - INFO - 2. HTML dosyalari uretiliyor tamamlandi.
2025-06-09 23:46:33,284 - INFO - 3. GitHub'a yukleniyor basliyor...
2025-06-09 23:46:36,608 - INFO - 3. GitHub'a yukleniyor tamamlandi.
