2025-06-10 22:12:03,828 - INFO - 1. TEFAS fiyat indiriliyor basliyor...
2025-06-10 22:12:13,317 - INFO - 1. TEFAS fiyat indiriliyor tamamlandi.
2025-06-10 22:12:13,317 - INFO - 2. HTML dosyalari uretiliyor basliyor...
2025-06-10 22:12:14,972 - INFO - 2. HTML dosyalari uretiliyor tamamlandi.
2025-06-10 22:12:14,972 - INFO - 3. GitHub'a yukleniyor basliyor...
2025-06-10 22:12:19,319 - INFO - 3. GitHub'a yukleniyor tamamlandi.
2025-06-10 22:30:58,702 - INFO - 1. TEFAS fiyat indiriliyor basliyor...
2025-06-10 22:31:24,930 - INFO - 1. TEFAS fiyat indiriliyor tamamlandi.
2025-06-10 22:31:24,936 - INFO - 2. HTML dosyalari uretiliyor basliyor...
2025-06-10 22:31:26,761 - INFO - 2. HTML dosyalari uretiliyor tamamlandi.
2025-06-10 22:31:26,762 - INFO - 3. GitHub'a yukleniyor basliyor...
2025-06-10 22:31:29,746 - INFO - 3. GitHub'a yukleniyor tamamlandi.
2025-06-10 22:42:11,868 - INFO - 1. TEFAS fiyat indiriliyor basliyor...
2025-06-10 22:42:21,597 - INFO - 1. TEFAS fiyat indiriliyor tamamlandi.
2025-06-10 22:42:21,597 - INFO - 2. HTML dosyalari uretiliyor basliyor...
2025-06-10 22:42:23,496 - INFO - 2. HTML dosyalari uretiliyor tamamlandi.
2025-06-10 22:42:23,496 - INFO - 3. GitHub'a yukleniyor basliyor...
2025-06-10 22:42:27,248 - INFO - 3. GitHub'a yukleniyor tamamlandi.
2025-06-10 22:44:27,887 - INFO - 1. TEFAS fiyat indiriliyor basliyor...
2025-06-10 22:48:35,475 - INFO - 1. TEFAS fiyat indiriliyor tamamlandi.
2025-06-10 22:48:35,499 - INFO - 2. HTML dosyalari uretiliyor basliyor...
2025-06-10 22:48:37,490 - INFO - 2. HTML dosyalari uretiliyor tamamlandi.
2025-06-10 22:48:37,490 - INFO - 3. GitHub'a yukleniyor basliyor...
2025-06-10 22:48:40,838 - INFO - 3. GitHub'a yukleniyor tamamlandi.
